2023-10-16 17:17:49,817 INFO [main] c.e.d.DemoApplication [StartupInfoLogger.java:51] - Starting DemoApplication using Java 20.0.2 with PID 7088 (C:\Users\user\Desktop\testMaker\target\classes started by user in C:\Users\user\Desktop\testMaker)
2023-10-16 17:17:49,821 INFO [main] c.e.d.DemoApplication [SpringApplication.java:634] - No active profile set, falling back to 1 default profile: "default"
2023-10-16 17:17:50,712 INFO [main] o.s.d.r.c.RepositoryConfigurationDelegate [RepositoryConfigurationDelegate.java:138] - Bootstrapping Spring Data JPA repositories in DEFAULT mode.
2023-10-16 17:17:50,798 INFO [main] o.s.d.r.c.RepositoryConfigurationDelegate [RepositoryConfigurationDelegate.java:208] - Finished Spring Data repository scanning in 71 ms. Found 1 JPA repository interfaces.
2023-10-16 17:17:51,510 INFO [main] o.s.b.w.e.t.TomcatWebServer [TomcatWebServer.java:108] - Tomcat initialized with port(s): 8080 (http)
2023-10-16 17:17:51,520 INFO [main] o.a.c.h.Http11NioProtocol [DirectJDKLog.java:173] - Initializing ProtocolHandler ["http-nio-8080"]
2023-10-16 17:17:51,523 INFO [main] o.a.c.c.StandardService [DirectJDKLog.java:173] - Starting service [Tomcat]
2023-10-16 17:17:51,523 INFO [main] o.a.c.c.StandardEngine [DirectJDKLog.java:173] - Starting Servlet engine: [Apache Tomcat/10.1.12]
2023-10-16 17:17:51,635 INFO [main] o.a.c.c.C.[.[.[/] [DirectJDKLog.java:173] - Initializing Spring embedded WebApplicationContext
2023-10-16 17:17:51,636 INFO [main] o.s.b.w.s.c.ServletWebServerApplicationContext [ServletWebServerApplicationContext.java:291] - Root WebApplicationContext: initialization completed in 1740 ms
2023-10-16 17:17:51,850 INFO [main] o.h.j.i.u.LogHelper [LogHelper.java:31] - HHH000204: Processing PersistenceUnitInfo [name: default]
2023-10-16 17:17:51,934 INFO [main] o.h.Version [Version.java:44] - HHH000412: Hibernate ORM core version 6.2.7.Final
2023-10-16 17:17:51,937 INFO [main] o.h.c.Environment [Environment.java:191] - HHH000406: Using bytecode reflection optimizer
2023-10-16 17:17:52,106 INFO [main] o.h.b.i.BytecodeProviderInitiator [BytecodeProviderInitiator.java:53] - HHH000021: Bytecode provider name : bytebuddy
2023-10-16 17:17:52,324 INFO [main] o.s.o.j.p.SpringPersistenceUnitInfo [SpringPersistenceUnitInfo.java:87] - No LoadTimeWeaver setup: ignoring JPA class transformer
2023-10-16 17:17:52,350 INFO [main] c.z.h.HikariDataSource [HikariDataSource.java:110] - HikariPool-1 - Starting...
2023-10-16 17:17:52,650 INFO [main] c.z.h.p.HikariPool [HikariPool.java:565] - HikariPool-1 - Added connection org.postgresql.jdbc.PgConnection@3b28b7b0
2023-10-16 17:17:52,652 INFO [main] c.z.h.HikariDataSource [HikariDataSource.java:123] - HikariPool-1 - Start completed.
2023-10-16 17:17:52,974 INFO [main] o.h.b.i.BytecodeProviderInitiator [BytecodeProviderInitiator.java:53] - HHH000021: Bytecode provider name : bytebuddy
2023-10-16 17:17:53,662 INFO [main] o.h.e.t.j.p.i.JtaPlatformInitiator [JtaPlatformInitiator.java:51] - HHH000490: Using JtaPlatform implementation: [org.hibernate.engine.transaction.jta.platform.internal.NoJtaPlatform]
2023-10-16 17:17:53,770 INFO [main] o.s.o.j.LocalContainerEntityManagerFactoryBean [AbstractEntityManagerFactoryBean.java:437] - Initialized JPA EntityManagerFactory for persistence unit 'default'
2023-10-16 17:17:54,073 WARN [main] o.s.b.a.o.j.JpaBaseConfiguration$JpaWebConfiguration [JpaBaseConfiguration.java:231] - spring.jpa.open-in-view is enabled by default. Therefore, database queries may be performed during view rendering. Explicitly configure spring.jpa.open-in-view to disable this warning
2023-10-16 17:17:54,453 INFO [main] o.a.c.h.Http11NioProtocol [DirectJDKLog.java:173] - Starting ProtocolHandler ["http-nio-8080"]
2023-10-16 17:17:54,475 INFO [main] o.s.b.w.e.t.TomcatWebServer [TomcatWebServer.java:220] - Tomcat started on port(s): 8080 (http) with context path ''
2023-10-16 17:17:54,484 INFO [main] c.e.d.DemoApplication [StartupInfoLogger.java:57] - Started DemoApplication in 5.135 seconds (process running for 8.877)
2023-10-16 17:18:53,344 INFO [SpringApplicationShutdownHook] o.s.o.j.LocalContainerEntityManagerFactoryBean [AbstractEntityManagerFactoryBean.java:650] - Closing JPA EntityManagerFactory for persistence unit 'default'
2023-10-16 17:18:53,347 INFO [SpringApplicationShutdownHook] c.z.h.HikariDataSource [HikariDataSource.java:350] - HikariPool-1 - Shutdown initiated...
2023-10-16 17:18:53,360 INFO [SpringApplicationShutdownHook] c.z.h.HikariDataSource [HikariDataSource.java:352] - HikariPool-1 - Shutdown completed.
2023-10-16 17:19:08,929 INFO [main] c.e.d.DemoApplication [StartupInfoLogger.java:51] - Starting DemoApplication using Java 20.0.2 with PID 11816 (C:\Users\user\Desktop\testMaker\target\classes started by user in C:\Users\user\Desktop\testMaker)
2023-10-16 17:19:08,933 INFO [main] c.e.d.DemoApplication [SpringApplication.java:634] - No active profile set, falling back to 1 default profile: "default"
2023-10-16 17:19:09,912 INFO [main] o.s.d.r.c.RepositoryConfigurationDelegate [RepositoryConfigurationDelegate.java:138] - Bootstrapping Spring Data JPA repositories in DEFAULT mode.
2023-10-16 17:19:10,041 INFO [main] o.s.d.r.c.RepositoryConfigurationDelegate [RepositoryConfigurationDelegate.java:208] - Finished Spring Data repository scanning in 116 ms. Found 1 JPA repository interfaces.
2023-10-16 17:19:10,936 INFO [main] o.s.b.w.e.t.TomcatWebServer [TomcatWebServer.java:108] - Tomcat initialized with port(s): 8080 (http)
2023-10-16 17:19:10,948 INFO [main] o.a.c.h.Http11NioProtocol [DirectJDKLog.java:173] - Initializing ProtocolHandler ["http-nio-8080"]
2023-10-16 17:19:10,951 INFO [main] o.a.c.c.StandardService [DirectJDKLog.java:173] - Starting service [Tomcat]
2023-10-16 17:19:10,952 INFO [main] o.a.c.c.StandardEngine [DirectJDKLog.java:173] - Starting Servlet engine: [Apache Tomcat/10.1.12]
2023-10-16 17:19:11,100 INFO [main] o.a.c.c.C.[.[.[/] [DirectJDKLog.java:173] - Initializing Spring embedded WebApplicationContext
2023-10-16 17:19:11,102 INFO [main] o.s.b.w.s.c.ServletWebServerApplicationContext [ServletWebServerApplicationContext.java:291] - Root WebApplicationContext: initialization completed in 2084 ms
2023-10-16 17:19:11,367 INFO [main] o.h.j.i.u.LogHelper [LogHelper.java:31] - HHH000204: Processing PersistenceUnitInfo [name: default]
2023-10-16 17:19:11,457 INFO [main] o.h.Version [Version.java:44] - HHH000412: Hibernate ORM core version 6.2.7.Final
2023-10-16 17:19:11,460 INFO [main] o.h.c.Environment [Environment.java:191] - HHH000406: Using bytecode reflection optimizer
2023-10-16 17:19:11,649 INFO [main] o.h.b.i.BytecodeProviderInitiator [BytecodeProviderInitiator.java:53] - HHH000021: Bytecode provider name : bytebuddy
2023-10-16 17:19:11,860 INFO [main] o.s.o.j.p.SpringPersistenceUnitInfo [SpringPersistenceUnitInfo.java:87] - No LoadTimeWeaver setup: ignoring JPA class transformer
2023-10-16 17:19:11,893 INFO [main] c.z.h.HikariDataSource [HikariDataSource.java:110] - HikariPool-1 - Starting...
2023-10-16 17:19:12,178 INFO [main] c.z.h.p.HikariPool [HikariPool.java:565] - HikariPool-1 - Added connection org.postgresql.jdbc.PgConnection@47a3d56a
2023-10-16 17:19:12,181 INFO [main] c.z.h.HikariDataSource [HikariDataSource.java:123] - HikariPool-1 - Start completed.
2023-10-16 17:19:12,514 INFO [main] o.h.b.i.BytecodeProviderInitiator [BytecodeProviderInitiator.java:53] - HHH000021: Bytecode provider name : bytebuddy
2023-10-16 17:19:13,344 INFO [main] o.h.e.t.j.p.i.JtaPlatformInitiator [JtaPlatformInitiator.java:51] - HHH000490: Using JtaPlatform implementation: [org.hibernate.engine.transaction.jta.platform.internal.NoJtaPlatform]
2023-10-16 17:19:13,416 INFO [main] o.s.o.j.LocalContainerEntityManagerFactoryBean [AbstractEntityManagerFactoryBean.java:437] - Initialized JPA EntityManagerFactory for persistence unit 'default'
2023-10-16 17:19:13,739 WARN [main] o.s.b.a.o.j.JpaBaseConfiguration$JpaWebConfiguration [JpaBaseConfiguration.java:231] - spring.jpa.open-in-view is enabled by default. Therefore, database queries may be performed during view rendering. Explicitly configure spring.jpa.open-in-view to disable this warning
2023-10-16 17:19:14,090 INFO [main] o.a.c.h.Http11NioProtocol [DirectJDKLog.java:173] - Starting ProtocolHandler ["http-nio-8080"]
2023-10-16 17:19:14,112 INFO [main] o.s.b.w.e.t.TomcatWebServer [TomcatWebServer.java:220] - Tomcat started on port(s): 8080 (http) with context path ''
2023-10-16 17:19:14,122 INFO [main] c.e.d.DemoApplication [StartupInfoLogger.java:57] - Started DemoApplication in 5.755 seconds (process running for 6.576)
2023-10-16 17:19:15,808 INFO [http-nio-8080-exec-1] o.a.c.c.C.[.[.[/] [DirectJDKLog.java:173] - Initializing Spring DispatcherServlet 'dispatcherServlet'
2023-10-16 17:19:15,808 INFO [http-nio-8080-exec-1] o.s.w.s.DispatcherServlet [FrameworkServlet.java:532] - Initializing Servlet 'dispatcherServlet'
2023-10-16 17:19:15,811 INFO [http-nio-8080-exec-1] o.s.w.s.DispatcherServlet [FrameworkServlet.java:554] - Completed initialization in 2 ms
2023-10-16 17:19:38,883 INFO [SpringApplicationShutdownHook] o.s.o.j.LocalContainerEntityManagerFactoryBean [AbstractEntityManagerFactoryBean.java:650] - Closing JPA EntityManagerFactory for persistence unit 'default'
2023-10-16 17:19:38,887 INFO [SpringApplicationShutdownHook] c.z.h.HikariDataSource [HikariDataSource.java:350] - HikariPool-1 - Shutdown initiated...
2023-10-16 17:19:38,893 INFO [SpringApplicationShutdownHook] c.z.h.HikariDataSource [HikariDataSource.java:352] - HikariPool-1 - Shutdown completed.
